[2019-01-21 15:40:08.645] [exthost] [info] extension host started
[2019-01-21 15:40:08.653] [exthost] [info] ExtensionService#_doActivateExtension vscode.debug-auto-launch {"startup":true,"activationEvent":"*"}
[2019-01-21 15:40:08.653] [exthost] [info] ExtensionService#loadCommonJSModule /usr/share/code/resources/app/extensions/debug-auto-launch/dist/extension
[2019-01-21 15:40:08.655] [exthost] [info] ExtensionService#_doActivateExtension vscode.emmet {"startup":true,"activationEvent":"*"}
[2019-01-21 15:40:08.655] [exthost] [info] ExtensionService#loadCommonJSModule /usr/share/code/resources/app/extensions/emmet/dist/extension
[2019-01-21 15:40:08.669] [exthost] [info] ExtensionService#_doActivateExtension vscode.git {"startup":true,"activationEvent":"*"}
[2019-01-21 15:40:08.669] [exthost] [info] ExtensionService#loadCommonJSModule /usr/share/code/resources/app/extensions/git/dist/main
[2019-01-21 15:40:08.741] [exthost] [info] ExtensionService#_doActivateExtension vscode.merge-conflict {"startup":true,"activationEvent":"*"}
[2019-01-21 15:40:08.741] [exthost] [info] ExtensionService#loadCommonJSModule /usr/share/code/resources/app/extensions/merge-conflict/dist/extension
[2019-01-21 15:40:08.747] [exthost] [info] ExtensionService#_doActivateExtension Equinusocio.vsc-material-theme {"startup":true,"activationEvent":"*"}
[2019-01-21 15:40:08.747] [exthost] [info] ExtensionService#loadCommonJSModule /home/rodrigo/.vscode/extensions/equinusocio.vsc-material-theme-2.6.3/extensions/material.theme.config.js
[2019-01-21 15:40:08.953] [exthost] [info] ExtensionService#_doActivateExtension felixfbecker.php-intellisense {"startup":true,"activationEvent":"workspaceContains:**/*.php"}
[2019-01-21 15:40:08.953] [exthost] [info] ExtensionService#loadCommonJSModule /home/rodrigo/.vscode/extensions/felixfbecker.php-intellisense-2.3.10/out/extension
[2019-01-21 15:40:09.030] [exthost] [info] eager extensions activated
[2019-01-21 15:40:17.418] [exthost] [info] ExtensionService#_doActivateExtension vscode.php-language-features {"startup":false,"activationEvent":"onLanguage:php"}
[2019-01-21 15:40:17.418] [exthost] [info] ExtensionService#loadCommonJSModule /usr/share/code/resources/app/extensions/php-language-features/dist/phpMain
[2019-01-21 15:50:51.096] [exthost] [info] ExtensionService#_doActivateExtension vscode.configuration-editing {"startup":false,"activationEvent":"onLanguage:jsonc"}
[2019-01-21 15:50:51.096] [exthost] [info] ExtensionService#loadCommonJSModule /usr/share/code/resources/app/extensions/configuration-editing/dist/extension
[2019-01-21 15:50:51.105] [exthost] [info] ExtensionService#_doActivateExtension vscode.json-language-features {"startup":false,"activationEvent":"onLanguage:jsonc"}
[2019-01-21 15:50:51.105] [exthost] [info] ExtensionService#loadCommonJSModule /usr/share/code/resources/app/extensions/json-language-features/client/dist/jsonMain
[2019-01-21 15:50:51.151] [exthost] [info] ExtensionService#_doActivateExtension vscode.typescript-language-features {"startup":false,"activationEvent":"onLanguage:jsonc"}
[2019-01-21 15:50:51.151] [exthost] [info] ExtensionService#loadCommonJSModule /usr/share/code/resources/app/extensions/typescript-language-features/dist/extension
[2019-01-21 15:50:57.048] [exthost] [info] extension host started
[2019-01-21 15:50:57.057] [exthost] [info] ExtensionService#_doActivateExtension vscode.debug-auto-launch {"startup":true,"activationEvent":"*"}
[2019-01-21 15:50:57.057] [exthost] [info] ExtensionService#loadCommonJSModule /usr/share/code/resources/app/extensions/debug-auto-launch/dist/extension
[2019-01-21 15:50:57.060] [exthost] [info] ExtensionService#_doActivateExtension vscode.emmet {"startup":true,"activationEvent":"*"}
[2019-01-21 15:50:57.060] [exthost] [info] ExtensionService#loadCommonJSModule /usr/share/code/resources/app/extensions/emmet/dist/extension
[2019-01-21 15:50:57.075] [exthost] [info] ExtensionService#_doActivateExtension vscode.git {"startup":true,"activationEvent":"*"}
[2019-01-21 15:50:57.075] [exthost] [info] ExtensionService#loadCommonJSModule /usr/share/code/resources/app/extensions/git/dist/main
[2019-01-21 15:50:57.173] [exthost] [info] ExtensionService#_doActivateExtension vscode.merge-conflict {"startup":true,"activationEvent":"*"}
[2019-01-21 15:50:57.173] [exthost] [info] ExtensionService#loadCommonJSModule /usr/share/code/resources/app/extensions/merge-conflict/dist/extension
[2019-01-21 15:50:57.180] [exthost] [info] ExtensionService#_doActivateExtension Equinusocio.vsc-material-theme {"startup":true,"activationEvent":"*"}
[2019-01-21 15:50:57.180] [exthost] [info] ExtensionService#loadCommonJSModule /home/rodrigo/.vscode/extensions/equinusocio.vsc-material-theme-2.6.3/extensions/material.theme.config.js
[2019-01-21 15:50:57.191] [exthost] [info] ExtensionService#_doActivateExtension vscode.php-language-features {"startup":false,"activationEvent":"onLanguage:php"}
[2019-01-21 15:50:57.191] [exthost] [info] ExtensionService#loadCommonJSModule /usr/share/code/resources/app/extensions/php-language-features/dist/phpMain
[2019-01-21 15:50:57.203] [exthost] [info] ExtensionService#_doActivateExtension felixfbecker.php-intellisense {"startup":false,"activationEvent":"onLanguage:php"}
[2019-01-21 15:50:57.203] [exthost] [info] ExtensionService#loadCommonJSModule /home/rodrigo/.vscode/extensions/felixfbecker.php-intellisense-2.3.10/out/extension
[2019-01-21 15:50:57.588] [exthost] [info] eager extensions activated
[2019-01-21 15:52:02.694] [exthost] [info] ExtensionService#_doActivateExtension vscode.css-language-features {"startup":false,"activationEvent":"onLanguage:css"}
[2019-01-21 15:52:02.694] [exthost] [info] ExtensionService#loadCommonJSModule /usr/share/code/resources/app/extensions/css-language-features/client/dist/cssMain
[2019-01-21 16:00:36.928] [exthost] [info] extension host started
[2019-01-21 16:00:36.940] [exthost] [info] ExtensionService#_doActivateExtension vscode.debug-auto-launch {"startup":true,"activationEvent":"*"}
[2019-01-21 16:00:36.940] [exthost] [info] ExtensionService#loadCommonJSModule /usr/share/code/resources/app/extensions/debug-auto-launch/dist/extension
[2019-01-21 16:00:36.942] [exthost] [info] ExtensionService#_doActivateExtension vscode.emmet {"startup":true,"activationEvent":"*"}
[2019-01-21 16:00:36.942] [exthost] [info] ExtensionService#loadCommonJSModule /usr/share/code/resources/app/extensions/emmet/dist/extension
[2019-01-21 16:00:36.954] [exthost] [info] ExtensionService#_doActivateExtension vscode.git {"startup":true,"activationEvent":"*"}
[2019-01-21 16:00:36.954] [exthost] [info] ExtensionService#loadCommonJSModule /usr/share/code/resources/app/extensions/git/dist/main
[2019-01-21 16:00:37.030] [exthost] [info] ExtensionService#_doActivateExtension vscode.merge-conflict {"startup":true,"activationEvent":"*"}
[2019-01-21 16:00:37.030] [exthost] [info] ExtensionService#loadCommonJSModule /usr/share/code/resources/app/extensions/merge-conflict/dist/extension
[2019-01-21 16:00:37.034] [exthost] [info] ExtensionService#_doActivateExtension Equinusocio.vsc-material-theme {"startup":true,"activationEvent":"*"}
[2019-01-21 16:00:37.034] [exthost] [info] ExtensionService#loadCommonJSModule /home/rodrigo/.vscode/extensions/equinusocio.vsc-material-theme-2.6.3/extensions/material.theme.config.js
[2019-01-21 16:00:37.043] [exthost] [info] ExtensionService#_doActivateExtension HookyQR.beautify {"startup":true,"activationEvent":"*"}
[2019-01-21 16:00:37.043] [exthost] [info] ExtensionService#loadCommonJSModule /home/rodrigo/.vscode/extensions/hookyqr.beautify-1.4.7/extension
[2019-01-21 16:00:37.078] [exthost] [info] ExtensionService#_doActivateExtension vscode.css-language-features {"startup":false,"activationEvent":"onLanguage:css"}
[2019-01-21 16:00:37.078] [exthost] [info] ExtensionService#loadCommonJSModule /usr/share/code/resources/app/extensions/css-language-features/client/dist/cssMain
[2019-01-21 16:00:37.315] [exthost] [info] ExtensionService#_doActivateExtension felixfbecker.php-intellisense {"startup":true,"activationEvent":"workspaceContains:**/*.php"}
[2019-01-21 16:00:37.315] [exthost] [info] ExtensionService#loadCommonJSModule /home/rodrigo/.vscode/extensions/felixfbecker.php-intellisense-2.3.10/out/extension
[2019-01-21 16:00:37.403] [exthost] [info] eager extensions activated
[2019-01-21 16:01:03.570] [exthost] [info] ExtensionService#_doActivateExtension vscode.php-language-features {"startup":false,"activationEvent":"onLanguage:php"}
[2019-01-21 16:01:03.570] [exthost] [info] ExtensionService#loadCommonJSModule /usr/share/code/resources/app/extensions/php-language-features/dist/phpMain
[2019-01-21 16:01:04.533] [exthost] [error] [felixfbecker.php-intellisense] provider FAILED
[2019-01-21 16:01:04.538] [exthost] [error] Error: Illegal argument: character must be non-negative
	at Object.t.illegalArgument (/usr/share/code/resources/app/out/vs/workbench/node/extensionHostProcess.js:123:544)
	at new e (/usr/share/code/resources/app/out/vs/workbench/node/extensionHostProcess.js:345:737)
	at asPosition (/home/rodrigo/.vscode/extensions/felixfbecker.php-intellisense-2.3.10/node_modules/vscode-languageclient/lib/protocolConverter.js:53:16)
	at asRange (/home/rodrigo/.vscode/extensions/felixfbecker.php-intellisense-2.3.10/node_modules/vscode-languageclient/lib/protocolConverter.js:59:31)
	at asHover (/home/rodrigo/.vscode/extensions/felixfbecker.php-intellisense-2.3.10/node_modules/vscode-languageclient/lib/protocolConverter.js:134:63)
	at <anonymous>
[2019-01-21 16:17:29.867] [exthost] [error] [felixfbecker.php-intellisense] provider FAILED
[2019-01-21 16:17:29.868] [exthost] [error] Error: Illegal argument: character must be non-negative
	at Object.t.illegalArgument (/usr/share/code/resources/app/out/vs/workbench/node/extensionHostProcess.js:123:544)
	at new e (/usr/share/code/resources/app/out/vs/workbench/node/extensionHostProcess.js:345:737)
	at asPosition (/home/rodrigo/.vscode/extensions/felixfbecker.php-intellisense-2.3.10/node_modules/vscode-languageclient/lib/protocolConverter.js:53:16)
	at asRange (/home/rodrigo/.vscode/extensions/felixfbecker.php-intellisense-2.3.10/node_modules/vscode-languageclient/lib/protocolConverter.js:59:31)
	at asHover (/home/rodrigo/.vscode/extensions/felixfbecker.php-intellisense-2.3.10/node_modules/vscode-languageclient/lib/protocolConverter.js:134:63)
	at <anonymous>
[2019-01-21 16:18:33.667] [exthost] [error] [felixfbecker.php-intellisense] provider FAILED
[2019-01-21 16:18:33.668] [exthost] [error] Error: Illegal argument: character must be non-negative
	at Object.t.illegalArgument (/usr/share/code/resources/app/out/vs/workbench/node/extensionHostProcess.js:123:544)
	at new e (/usr/share/code/resources/app/out/vs/workbench/node/extensionHostProcess.js:345:737)
	at asPosition (/home/rodrigo/.vscode/extensions/felixfbecker.php-intellisense-2.3.10/node_modules/vscode-languageclient/lib/protocolConverter.js:53:16)
	at asRange (/home/rodrigo/.vscode/extensions/felixfbecker.php-intellisense-2.3.10/node_modules/vscode-languageclient/lib/protocolConverter.js:59:31)
	at asHover (/home/rodrigo/.vscode/extensions/felixfbecker.php-intellisense-2.3.10/node_modules/vscode-languageclient/lib/protocolConverter.js:134:63)
	at <anonymous>
[2019-01-21 16:18:34.008] [exthost] [error] [felixfbecker.php-intellisense] provider FAILED
[2019-01-21 16:18:34.009] [exthost] [error] Error: Illegal argument: character must be non-negative
	at Object.t.illegalArgument (/usr/share/code/resources/app/out/vs/workbench/node/extensionHostProcess.js:123:544)
	at new e (/usr/share/code/resources/app/out/vs/workbench/node/extensionHostProcess.js:345:737)
	at asPosition (/home/rodrigo/.vscode/extensions/felixfbecker.php-intellisense-2.3.10/node_modules/vscode-languageclient/lib/protocolConverter.js:53:16)
	at asRange (/home/rodrigo/.vscode/extensions/felixfbecker.php-intellisense-2.3.10/node_modules/vscode-languageclient/lib/protocolConverter.js:59:31)
	at asHover (/home/rodrigo/.vscode/extensions/felixfbecker.php-intellisense-2.3.10/node_modules/vscode-languageclient/lib/protocolConverter.js:134:63)
	at <anonymous>
[2019-01-21 16:24:14.776] [exthost] [info] ExtensionService#_doActivateExtension vscode.html-language-features {"startup":false,"activationEvent":"onLanguage:html"}
[2019-01-21 16:24:14.776] [exthost] [info] ExtensionService#loadCommonJSModule /usr/share/code/resources/app/extensions/html-language-features/client/dist/htmlMain
